# JRE version: OpenJDK Runtime Environment (8.0_202-b03) (build 1.8.0_202-release-1483-b03)
# Java VM: OpenJDK 64-Bit Server VM (25.202-b03 mixed mode windows-amd64 compressed oops)
Heap:
 PSYoungGen      total 425984K, used 222050K [0x00000000e0000000, 0x00000000ff680000, 0x0000000100000000)
  eden space 399872K, 55% used [0x00000000e0000000,0x00000000ed8d8948,0x00000000f8680000)
  from space 26112K, 0% used [0x00000000f8680000,0x00000000f8680000,0x00000000fa000000)
  to   space 26624K, 0% used [0x00000000fdc80000,0x00000000fdc80000,0x00000000ff680000)
 ParOldGen       total 108544K, used 78753K [0x00000000a0000000, 0x00000000a6a00000, 0x00000000e0000000)
  object space 108544K, 72% used [0x00000000a0000000,0x00000000a4ce8758,0x00000000a6a00000)
 Metaspace       used 100641K, capacity 106282K, committed 106584K, reserved 1142784K
  class space    used 13110K, capacity 14155K, committed 14208K, reserved 1048576K
GC Heap History (10 events):
Event: 164.555 GC heap before
{Heap before GC invocations=19 (full 3):
 PSYoungGen      total 281088K, used 281073K [0x00000000e0000000, 0x00000000f9480000, 0x0000000100000000)
  eden space 258560K, 100% used [0x00000000e0000000,0x00000000efc80000,0x00000000efc80000)
  from space 22528K, 99% used [0x00000000efc80000,0x00000000f127c4f0,0x00000000f1280000)
  to   space 30208K, 0% used [0x00000000f7700000,0x00000000f7700000,0x00000000f9480000)
 ParOldGen       total 108544K, used 48972K [0x00000000a0000000, 0x00000000a6a00000, 0x00000000e0000000)
  object space 108544K, 45% used [0x00000000a0000000,0x00000000a2fd3048,0x00000000a6a00000)
 Metaspace       used 81034K, capacity 85362K, committed 85592K, reserved 1124352K
  class space    used 10585K, capacity 11348K, committed 11392K, reserved 1048576K
Event: 164.625 GC heap after
Heap after GC invocations=19 (full 3):
 PSYoungGen      total 360448K, used 12374K [0x00000000e0000000, 0x00000000f8780000, 0x0000000100000000)
  eden space 343552K, 0% used [0x00000000e0000000,0x00000000e0000000,0x00000000f4f80000)
  from space 16896K, 73% used [0x00000000f7700000,0x00000000f8315900,0x00000000f8780000)
  to   space 28672K, 0% used [0x00000000f4f80000,0x00000000f4f80000,0x00000000f6b80000)
 ParOldGen       total 108544K, used 67409K [0x00000000a0000000, 0x00000000a6a00000, 0x00000000e0000000)
  object space 108544K, 62% used [0x00000000a0000000,0x00000000a41d4488,0x00000000a6a00000)
 Metaspace       used 81034K, capacity 85362K, committed 85592K, reserved 1124352K
  class space    used 10585K, capacity 11348K, committed 11392K, reserved 1048576K
}
Event: 607.353 GC heap before
{Heap before GC invocations=20 (full 3):
 PSYoungGen      total 360448K, used 355926K [0x00000000e0000000, 0x00000000f8780000, 0x0000000100000000)
  eden space 343552K, 100% used [0x00000000e0000000,0x00000000f4f80000,0x00000000f4f80000)
  from space 16896K, 73% used [0x00000000f7700000,0x00000000f8315900,0x00000000f8780000)
  to   space 28672K, 0% used [0x00000000f4f80000,0x00000000f4f80000,0x00000000f6b80000)
 ParOldGen       total 108544K, used 67409K [0x00000000a0000000, 0x00000000a6a00000, 0x00000000e0000000)
  object space 108544K, 62% used [0x00000000a0000000,0x00000000a41d4488,0x00000000a6a00000)
 Metaspace       used 84836K, capacity 89572K, committed 89688K, reserved 1126400K
  class space    used 10963K, capacity 11869K, committed 11904K, reserved 1048576K
Event: 607.377 GC heap after
Heap after GC invocations=20 (full 3):
 PSYoungGen      total 372224K, used 12862K [0x00000000e0000000, 0x00000000fc480000, 0x0000000100000000)
  eden space 343552K, 0% used [0x00000000e0000000,0x00000000e0000000,0x00000000f4f80000)
  from space 28672K, 44% used [0x00000000f4f80000,0x00000000f5c0f928,0x00000000f6b80000)
  to   space 27136K, 0% used [0x00000000faa00000,0x00000000faa00000,0x00000000fc480000)
 ParOldGen       total 108544K, used 72484K [0x00000000a0000000, 0x00000000a6a00000, 0x00000000e0000000)
  object space 108544K, 66% used [0x00000000a0000000,0x00000000a46c90a8,0x00000000a6a00000)
 Metaspace       used 84836K, capacity 89572K, committed 89688K, reserved 1126400K
  class space    used 10963K, capacity 11869K, committed 11904K, reserved 1048576K
}
Event: 623.324 GC heap before
{Heap before GC invocations=21 (full 3):
 PSYoungGen      total 372224K, used 356414K [0x00000000e0000000, 0x00000000fc480000, 0x0000000100000000)
  eden space 343552K, 100% used [0x00000000e0000000,0x00000000f4f80000,0x00000000f4f80000)
  from space 28672K, 44% used [0x00000000f4f80000,0x00000000f5c0f928,0x00000000f6b80000)
  to   space 27136K, 0% used [0x00000000faa00000,0x00000000faa00000,0x00000000fc480000)
 ParOldGen       total 108544K, used 72484K [0x00000000a0000000, 0x00000000a6a00000, 0x00000000e0000000)
  object space 108544K, 66% used [0x00000000a0000000,0x00000000a46c90a8,0x00000000a6a00000)
 Metaspace       used 89643K, capacity 94524K, committed 94808K, reserved 1132544K
  class space    used 11679K, capacity 12615K, committed 12672K, reserved 1048576K
Event: 623.341 GC heap after
Heap after GC invocations=21 (full 3):
 PSYoungGen      total 415744K, used 11294K [0x00000000e0000000, 0x00000000fb980000, 0x0000000100000000)
  eden space 399872K, 0% used [0x00000000e0000000,0x00000000e0000000,0x00000000f8680000)
  from space 15872K, 71% used [0x00000000faa00000,0x00000000fb5079b0,0x00000000fb980000)
  to   space 26112K, 0% used [0x00000000f8680000,0x00000000f8680000,0x00000000fa000000)
 ParOldGen       total 108544K, used 72492K [0x00000000a0000000, 0x00000000a6a00000, 0x00000000e0000000)
  object space 108544K, 66% used [0x00000000a0000000,0x00000000a46cb0a8,0x00000000a6a00000)
 Metaspace       used 89643K, capacity 94524K, committed 94808K, reserved 1132544K
  class space    used 11679K, capacity 12615K, committed 12672K, reserved 1048576K
}
Event: 625.705 GC heap before
{Heap before GC invocations=22 (full 3):
 PSYoungGen      total 415744K, used 103556K [0x00000000e0000000, 0x00000000fb980000, 0x0000000100000000)
  eden space 399872K, 23% used [0x00000000e0000000,0x00000000e5a19870,0x00000000f8680000)
  from space 15872K, 71% used [0x00000000faa00000,0x00000000fb5079b0,0x00000000fb980000)
  to   space 26112K, 0% used [0x00000000f8680000,0x00000000f8680000,0x00000000fa000000)
 ParOldGen       total 108544K, used 72492K [0x00000000a0000000, 0x00000000a6a00000, 0x00000000e0000000)
  object space 108544K, 66% used [0x00000000a0000000,0x00000000a46cb0a8,0x00000000a6a00000)
 Metaspace       used 93213K, capacity 98264K, committed 98380K, reserved 1134592K
  class space    used 12058K, capacity 12979K, committed 13056K, reserved 1048576K
Event: 625.731 GC heap after
Heap after GC invocations=22 (full 3):
 PSYoungGen      total 425984K, used 17510K [0x00000000e0000000, 0x00000000ff680000, 0x0000000100000000)
  eden space 399872K, 0% used [0x00000000e0000000,0x00000000e0000000,0x00000000f8680000)
  from space 26112K, 67% used [0x00000000f8680000,0x00000000f9799900,0x00000000fa000000)
  to   space 26624K, 0% used [0x00000000fdc80000,0x00000000fdc80000,0x00000000ff680000)
 ParOldGen       total 108544K, used 72500K [0x00000000a0000000, 0x00000000a6a00000, 0x00000000e0000000)
  object space 108544K, 66% used [0x00000000a0000000,0x00000000a46cd0a8,0x00000000a6a00000)
 Metaspace       used 93213K, capacity 98264K, committed 98380K, reserved 1134592K
  class space    used 12058K, capacity 12979K, committed 13056K, reserved 1048576K
}
Event: 625.731 GC heap before
{Heap before GC invocations=23 (full 4):
 PSYoungGen      total 425984K, used 17510K [0x00000000e0000000, 0x00000000ff680000, 0x0000000100000000)
  eden space 399872K, 0% used [0x00000000e0000000,0x00000000e0000000,0x00000000f8680000)
  from space 26112K, 67% used [0x00000000f8680000,0x00000000f9799900,0x00000000fa000000)
  to   space 26624K, 0% used [0x00000000fdc80000,0x00000000fdc80000,0x00000000ff680000)
 ParOldGen       total 108544K, used 72500K [0x00000000a0000000, 0x00000000a6a00000, 0x00000000e0000000)
  object space 108544K, 66% used [0x00000000a0000000,0x00000000a46cd0a8,0x00000000a6a00000)
 Metaspace       used 93213K, capacity 98264K, committed 98380K, reserved 1134592K
  class space    used 12058K, capacity 12979K, committed 13056K, reserved 1048576K
Event: 626.206 GC heap after
Heap after GC invocations=23 (full 4):
 PSYoungGen      total 425984K, used 0K [0x00000000e0000000, 0x00000000ff680000, 0x0000000100000000)
  eden space 399872K, 0% used [0x00000000e0000000,0x00000000e0000000,0x00000000f8680000)
  from space 26112K, 0% used [0x00000000f8680000,0x00000000f8680000,0x00000000fa000000)
  to   space 26624K, 0% used [0x00000000fdc80000,0x00000000fdc80000,0x00000000ff680000)
 ParOldGen       total 108544K, used 78753K [0x00000000a0000000, 0x00000000a6a00000, 0x00000000e0000000)
  object space 108544K, 72% used [0x00000000a0000000,0x00000000a4ce8758,0x00000000a6a00000)
 Metaspace       used 93100K, capacity 97894K, committed 98380K, reserved 1134592K
  class space    used 12025K, capacity 12929K, committed 13056K, reserved 1048576K
}

